*** Starting uWSGI 2.0.21 (64bit) on [Tue Mar  7 14:24:55 2023] ***
compiled with version: Clang 14.0.6 on 08 February 2023 14:12:12
os: Darwin-20.6.0 Darwin Kernel Version 20.6.0: Sun Nov  6 23:17:00 PST 2022; root:xnu-7195.141.46~1/RELEASE_X86_64
nodename: mbp
machine: x86_64
clock source: unix
pcre jit disabled
detected number of CPU cores: 8
current working directory: /Users/pau/projects/dbw/u217733/clustal_web_DBW
detected binary path: /Users/pau/mambaforge/envs/u217733/bin/uwsgi
your processes number limit is 2784
your memory page size is 4096 bytes
detected max file descriptor number: 256
lock engine: OSX spinlocks
thunder lock: disabled (you can enable it with --thunder-lock)
uwsgi socket 0 bound to UNIX address clustalo.sock fd 3
Python version: 3.10.9 | packaged by conda-forge | (main, Feb  2 2023, 20:24:27) [Clang 14.0.6 ]
*** Python threads support is disabled. You can enable it with --enable-threads ***
Python main interpreter initialized at 0x7fa1d1407140
your server socket listen backlog is limited to 100 connections
your mercy for graceful operations on workers is 60 seconds
mapped 145824 bytes (142 KB) for 1 cores
*** Operational MODE: single process ***
ModuleNotFoundError: No module named '/u217733/clustalo=/project/wsgi'
unable to load app 0 (mountpoint='') (callable not found or import error)
*** no app loaded. going in full dynamic mode ***
*** uWSGI is running in multiple interpreter mode ***
spawned uWSGI master process (pid: 96284)
spawned uWSGI worker 1 (pid: 96285, cores: 1)
SIGINT/SIGTERM received...killing workers...
worker 1 buried after 0 seconds
goodbye to uWSGI.
VACUUM: unix socket clustalo.sock removed.
*** Starting uWSGI 2.0.21 (64bit) on [Tue Mar  7 14:33:58 2023] ***
compiled with version: Clang 14.0.6 on 08 February 2023 14:12:12
os: Darwin-20.6.0 Darwin Kernel Version 20.6.0: Sun Nov  6 23:17:00 PST 2022; root:xnu-7195.141.46~1/RELEASE_X86_64
nodename: mbp
machine: x86_64
clock source: unix
pcre jit disabled
detected number of CPU cores: 8
current working directory: /Users/pau/projects/dbw/u217733/clustal_web_DBW
detected binary path: /Users/pau/mambaforge/envs/u217733/bin/uwsgi
your processes number limit is 2784
your memory page size is 4096 bytes
detected max file descriptor number: 256
lock engine: OSX spinlocks
thunder lock: disabled (you can enable it with --thunder-lock)
uwsgi socket 0 bound to UNIX address clustalo.sock fd 3
Python version: 3.10.9 | packaged by conda-forge | (main, Feb  2 2023, 20:24:27) [Clang 14.0.6 ]
*** Python threads support is disabled. You can enable it with --enable-threads ***
Python main interpreter initialized at 0x7fe210608150
your server socket listen backlog is limited to 100 connections
your mercy for graceful operations on workers is 60 seconds
mapped 145824 bytes (142 KB) for 1 cores
*** Operational MODE: single process ***
ModuleNotFoundError: No module named '/u217733/clustalo=project'
unable to load app 0 (mountpoint='') (callable not found or import error)
*** no app loaded. going in full dynamic mode ***
*** uWSGI is running in multiple interpreter mode ***
spawned uWSGI master process (pid: 96541)
spawned uWSGI worker 1 (pid: 96542, cores: 1)
--- no python application found, check your startup logs for errors ---
[pid: 96542|app: -1|req: -1/1] 127.0.0.1 () {56 vars in 1057 bytes} [Tue Mar  7 15:09:07 2023] GET / => generated 21 bytes in 6 msecs (HTTP/1.1 500) 2 headers in 83 bytes (0 switches on core 0)
--- no python application found, check your startup logs for errors ---
[pid: 96542|app: -1|req: -1/2] 127.0.0.1 () {54 vars in 1040 bytes} [Tue Mar  7 15:09:25 2023] GET /u217733 => generated 21 bytes in 0 msecs (HTTP/1.1 500) 2 headers in 83 bytes (0 switches on core 0)
--- no python application found, check your startup logs for errors ---
[pid: 96542|app: -1|req: -1/3] 127.0.0.1 () {58 vars in 1093 bytes} [Tue Mar  7 15:09:40 2023] GET /u217733 => generated 21 bytes in 0 msecs (HTTP/1.1 500) 2 headers in 83 bytes (0 switches on core 0)
--- no python application found, check your startup logs for errors ---
[pid: 96542|app: -1|req: -1/4] 127.0.0.1 () {56 vars in 1018 bytes} [Tue Mar  7 15:09:40 2023] GET /favicon.ico => generated 21 bytes in 0 msecs (HTTP/1.1 500) 2 headers in 83 bytes (0 switches on core 0)
--- no python application found, check your startup logs for errors ---
[pid: 96542|app: -1|req: -1/5] 127.0.0.1 () {54 vars in 1042 bytes} [Tue Mar  7 15:12:23 2023] GET /u217733/ => generated 21 bytes in 0 msecs (HTTP/1.1 500) 2 headers in 83 bytes (0 switches on core 0)
--- no python application found, check your startup logs for errors ---
[pid: 96542|app: -1|req: -1/6] 127.0.0.1 () {52 vars in 966 bytes} [Tue Mar  7 15:12:24 2023] GET /favicon.ico => generated 21 bytes in 0 msecs (HTTP/1.1 500) 2 headers in 83 bytes (0 switches on core 0)
--- no python application found, check your startup logs for errors ---
[pid: 96542|app: -1|req: -1/7] 127.0.0.1 () {58 vars in 1095 bytes} [Tue Mar  7 15:12:28 2023] GET /u217733/ => generated 21 bytes in 0 msecs (HTTP/1.1 500) 2 headers in 83 bytes (0 switches on core 0)
--- no python application found, check your startup logs for errors ---
[pid: 96542|app: -1|req: -1/8] 127.0.0.1 () {56 vars in 1019 bytes} [Tue Mar  7 15:12:28 2023] GET /favicon.ico => generated 21 bytes in 0 msecs (HTTP/1.1 500) 2 headers in 83 bytes (0 switches on core 0)
SIGINT/SIGTERM received...killing workers...
worker 1 buried after 1 seconds
goodbye to uWSGI.
VACUUM: unix socket clustalo.sock removed.
*** Starting uWSGI 2.0.21 (64bit) on [Tue Mar  7 15:16:28 2023] ***
compiled with version: Clang 14.0.6 on 08 February 2023 14:12:12
os: Darwin-20.6.0 Darwin Kernel Version 20.6.0: Sun Nov  6 23:17:00 PST 2022; root:xnu-7195.141.46~1/RELEASE_X86_64
nodename: mbp
machine: x86_64
clock source: unix
pcre jit disabled
detected number of CPU cores: 8
current working directory: /Users/pau/projects/dbw/u217733/clustal_web_DBW
detected binary path: /Users/pau/mambaforge/envs/u217733/bin/uwsgi
your processes number limit is 2784
your memory page size is 4096 bytes
detected max file descriptor number: 256
lock engine: OSX spinlocks
thunder lock: disabled (you can enable it with --thunder-lock)
uwsgi socket 0 bound to UNIX address clustalo.sock fd 3
Python version: 3.10.9 | packaged by conda-forge | (main, Feb  2 2023, 20:24:27) [Clang 14.0.6 ]
*** Python threads support is disabled. You can enable it with --enable-threads ***
Python main interpreter initialized at 0x7fe82b704cc0
your server socket listen backlog is limited to 100 connections
your mercy for graceful operations on workers is 60 seconds
mapped 145824 bytes (142 KB) for 1 cores
*** Operational MODE: single process ***
mounting project.wsgi:application on /u217733/clustalo
WSGI app 0 (mountpoint='/u217733/clustalo') ready in 4 seconds on interpreter 0x7fe82b704cc0 pid: 97621 (default app)
*** uWSGI is running in multiple interpreter mode ***
spawned uWSGI master process (pid: 97621)
spawned uWSGI worker 1 (pid: 97622, cores: 1)
Not Found: /u217733/
[pid: 97622|app: 0|req: 1/1] 127.0.0.1 () {60 vars in 1095 bytes} [Tue Mar  7 14:16:48 2023] GET /u217733/ => generated 2265 bytes in 657 msecs (HTTP/1.1 404) 6 headers in 215 bytes (1 switches on core 0)
Not Found: /favicon.ico
[pid: 97622|app: 0|req: 2/2] 127.0.0.1 () {58 vars in 1019 bytes} [Tue Mar  7 14:16:49 2023] GET /favicon.ico => generated 2274 bytes in 8 msecs (HTTP/1.1 404) 6 headers in 215 bytes (1 switches on core 0)
[pid: 97622|app: 0|req: 3/3] 127.0.0.1 () {56 vars in 1058 bytes} [Tue Mar  7 14:17:04 2023] GET /u217733/clustalo => generated 4688 bytes in 41 msecs (HTTP/1.1 200) 8 headers in 358 bytes (1 switches on core 0)
[pid: 97622|app: 0|req: 4/4] 127.0.0.1 () {62 vars in 1168 bytes} [Tue Mar  7 14:24:51 2023] GET /u217733/clustalo => generated 4688 bytes in 7 msecs (HTTP/1.1 200) 8 headers in 358 bytes (2 switches on core 0)
Not Found: /favicon.ico
[pid: 97622|app: 0|req: 5/5] 127.0.0.1 () {60 vars in 1084 bytes} [Tue Mar  7 14:24:51 2023] GET /favicon.ico => generated 2274 bytes in 10 msecs (HTTP/1.1 404) 6 headers in 215 bytes (1 switches on core 0)
[pid: 97622|app: 0|req: 6/6] 127.0.0.1 () {62 vars in 1168 bytes} [Tue Mar  7 14:46:35 2023] GET /u217733/clustalo => generated 4688 bytes in 7 msecs (HTTP/1.1 200) 8 headers in 358 bytes (1 switches on core 0)
SIGINT/SIGTERM received...killing workers...
worker 1 buried after 1 seconds
goodbye to uWSGI.
VACUUM: unix socket clustalo.sock removed.
*** Starting uWSGI 2.0.21 (64bit) on [Tue Mar  7 16:15:10 2023] ***
compiled with version: 11.3.0 on 08 February 2023 14:07:54
os: Linux-5.14.21-150400.24.33-default #1 SMP PREEMPT_DYNAMIC Fri Nov 4 13:55:06 UTC 2022 (76cfe60)
nodename: www
machine: x86_64
clock source: unix
pcre jit disabled
detected number of CPU cores: 4
current working directory: /home/u217733/public_html/clustal_web_DBW
detected binary path: /home/u217733/miniconda/envs/u217733_clustalo/bin/uwsgi
your processes number limit is 14803
your memory page size is 4096 bytes
detected max file descriptor number: 1024
lock engine: pthread robust mutexes
thunder lock: disabled (you can enable it with --thunder-lock)
uwsgi socket 0 bound to UNIX address clustalo.sock fd 3
Python version: 3.10.9 | packaged by conda-forge | (main, Feb  2 2023, 20:20:04) [GCC 11.3.0]
*** Python threads support is disabled. You can enable it with --enable-threads ***
Python main interpreter initialized at 0x5595ac846c90
your server socket listen backlog is limited to 100 connections
your mercy for graceful operations on workers is 60 seconds
mapped 145840 bytes (142 KB) for 1 cores
*** Operational MODE: single process ***
mounting project.wsgi:application on /u217733/clustalo
WSGI app 0 (mountpoint='/u217733/clustalo') ready in 0 seconds on interpreter 0x5595ac846c90 pid: 5123 (default app)
*** daemonizing uWSGI ***
*** Starting uWSGI 2.0.21 (64bit) on [Tue Mar  7 19:10:49 2023] ***
compiled with version: 11.3.0 on 08 February 2023 14:07:54
os: Linux-5.14.21-150400.24.33-default #1 SMP PREEMPT_DYNAMIC Fri Nov 4 13:55:06 UTC 2022 (76cfe60)
nodename: www
machine: x86_64
clock source: unix
pcre jit disabled
detected number of CPU cores: 4
current working directory: /home/u217733/public_html/clustal_web_DBW
detected binary path: /home/u217733/miniconda/envs/u217733_clustalo/bin/uwsgi
your processes number limit is 14803
your memory page size is 4096 bytes
detected max file descriptor number: 1024
lock engine: pthread robust mutexes
thunder lock: disabled (you can enable it with --thunder-lock)
uwsgi socket 0 bound to UNIX address clustalo.sock fd 3
Python version: 3.10.9 | packaged by conda-forge | (main, Feb  2 2023, 20:20:04) [GCC 11.3.0]
*** Python threads support is disabled. You can enable it with --enable-threads ***
Python main interpreter initialized at 0x55b6bb939e40
your server socket listen backlog is limited to 100 connections
your mercy for graceful operations on workers is 60 seconds
mapped 145840 bytes (142 KB) for 1 cores
*** Operational MODE: single process ***
mounting project.wsgi:application on /u217733/clustalo
WSGI app 0 (mountpoint='/u217733/clustalo') ready in 0 seconds on interpreter 0x55b6bb939e40 pid: 6335 (default app)
*** uWSGI is running in multiple interpreter mode ***
spawned uWSGI master process (pid: 6335)
spawned uWSGI worker 1 (pid: 6336, cores: 1)
SIGINT/SIGTERM received...killing workers...
worker 1 buried after 1 seconds
goodbye to uWSGI.
VACUUM: unix socket clustalo.sock removed.
*** Starting uWSGI 2.0.21 (64bit) on [Tue Mar  7 19:15:12 2023] ***
compiled with version: 11.3.0 on 08 February 2023 14:07:54
os: Linux-5.14.21-150400.24.33-default #1 SMP PREEMPT_DYNAMIC Fri Nov 4 13:55:06 UTC 2022 (76cfe60)
nodename: www
machine: x86_64
clock source: unix
pcre jit disabled
detected number of CPU cores: 4
current working directory: /home/u217733/public_html/clustal_web_DBW
detected binary path: /home/u217733/miniconda/envs/u217733_clustalo/bin/uwsgi
your processes number limit is 14803
your memory page size is 4096 bytes
detected max file descriptor number: 1024
lock engine: pthread robust mutexes
thunder lock: disabled (you can enable it with --thunder-lock)
uwsgi socket 0 bound to UNIX address clustalo.sock fd 3
Python version: 3.10.9 | packaged by conda-forge | (main, Feb  2 2023, 20:20:04) [GCC 11.3.0]
*** Python threads support is disabled. You can enable it with --enable-threads ***
Python main interpreter initialized at 0x563fbb605c70
your server socket listen backlog is limited to 100 connections
your mercy for graceful operations on workers is 60 seconds
mapped 145840 bytes (142 KB) for 1 cores
*** Operational MODE: single process ***
mounting project.wsgi:application on /u217733/clustalo
WSGI app 0 (mountpoint='/u217733/clustalo') ready in 0 seconds on interpreter 0x563fbb605c70 pid: 6439 (default app)
*** uWSGI is running in multiple interpreter mode ***
spawned uWSGI master process (pid: 6439)
spawned uWSGI worker 1 (pid: 6440, cores: 1)
SIGINT/SIGTERM received...killing workers...
worker 1 buried after 1 seconds
goodbye to uWSGI.
VACUUM: unix socket clustalo.sock removed.
*** Starting uWSGI 2.0.21 (64bit) on [Tue Mar  7 19:18:07 2023] ***
compiled with version: 11.3.0 on 08 February 2023 14:07:54
os: Linux-5.14.21-150400.24.33-default #1 SMP PREEMPT_DYNAMIC Fri Nov 4 13:55:06 UTC 2022 (76cfe60)
nodename: www
machine: x86_64
clock source: unix
pcre jit disabled
detected number of CPU cores: 4
current working directory: /home/u217733/public_html/clustal_web_DBW
detected binary path: /home/u217733/miniconda/envs/u217733_clustalo/bin/uwsgi
your processes number limit is 14803
your memory page size is 4096 bytes
detected max file descriptor number: 1024
lock engine: pthread robust mutexes
thunder lock: disabled (you can enable it with --thunder-lock)
uwsgi socket 0 bound to UNIX address clustalo.sock fd 3
Python version: 3.10.9 | packaged by conda-forge | (main, Feb  2 2023, 20:20:04) [GCC 11.3.0]
*** Python threads support is disabled. You can enable it with --enable-threads ***
Python main interpreter initialized at 0x55aec3e90c70
your server socket listen backlog is limited to 100 connections
your mercy for graceful operations on workers is 60 seconds
mapped 145840 bytes (142 KB) for 1 cores
*** Operational MODE: single process ***
mounting project.wsgi:application on /u217733/clustalo
WSGI app 0 (mountpoint='/u217733/clustalo') ready in 0 seconds on interpreter 0x55aec3e90c70 pid: 6448 (default app)
*** uWSGI is running in multiple interpreter mode ***
spawned uWSGI master process (pid: 6448)
spawned uWSGI worker 1 (pid: 6449, cores: 1)
Gracefully killing worker 1 (pid: 6449)...
...gracefully killing workers...
worker 1 buried after 1 seconds
binary reloading uWSGI...
chdir() to /home/u217733/public_html/clustal_web_DBW
closing all non-uwsgi socket fds > 2 (max_fd = 1024)...
found fd 3 mapped to socket 0 (clustalo.sock)
running /home/u217733/miniconda/envs/u217733_clustalo/bin/uwsgi
[uWSGI] getting INI configuration from clustalo.ini
*** Starting uWSGI 2.0.21 (64bit) on [Tue Mar  7 20:31:10 2023] ***
compiled with version: 11.3.0 on 08 February 2023 14:07:54
os: Linux-5.14.21-150400.24.33-default #1 SMP PREEMPT_DYNAMIC Fri Nov 4 13:55:06 UTC 2022 (76cfe60)
nodename: www
machine: x86_64
clock source: unix
pcre jit disabled
detected number of CPU cores: 4
current working directory: /home/u217733/public_html/clustal_web_DBW
detected binary path: /home/u217733/miniconda/envs/u217733_clustalo/bin/uwsgi
your processes number limit is 14803
your memory page size is 4096 bytes
detected max file descriptor number: 1024
lock engine: pthread robust mutexes
thunder lock: disabled (you can enable it with --thunder-lock)
uwsgi socket 0 inherited UNIX address clustalo.sock fd 3
Python version: 3.10.9 | packaged by conda-forge | (main, Feb  2 2023, 20:20:04) [GCC 11.3.0]
*** Python threads support is disabled. You can enable it with --enable-threads ***
Python main interpreter initialized at 0x55b781e237e0
your server socket listen backlog is limited to 100 connections
your mercy for graceful operations on workers is 60 seconds
mapped 145840 bytes (142 KB) for 1 cores
*** Operational MODE: single process ***
mounting project.wsgi:application on /u217733/clustalo
WSGI app 0 (mountpoint='/u217733/clustalo') ready in 0 seconds on interpreter 0x55b781e237e0 pid: 6448 (default app)
*** uWSGI is running in multiple interpreter mode ***
gracefully (RE)spawned uWSGI master process (pid: 6448)
spawned uWSGI worker 1 (pid: 7335, cores: 1)
*** Starting uWSGI 2.0.21 (64bit) on [Wed Mar  8 13:01:02 2023] ***
compiled with version: 11.3.0 on 08 February 2023 14:07:54
os: Linux-5.14.21-150400.24.33-default #1 SMP PREEMPT_DYNAMIC Fri Nov 4 13:55:06 UTC 2022 (76cfe60)
nodename: www
machine: x86_64
clock source: unix
pcre jit disabled
detected number of CPU cores: 4
current working directory: /home/u217733/public_html/clustal_web_DBW
detected binary path: /home/u217733/miniconda/envs/u217733_clustalo/bin/uwsgi
your processes number limit is 14803
your memory page size is 4096 bytes
detected max file descriptor number: 1024
lock engine: pthread robust mutexes
thunder lock: disabled (you can enable it with --thunder-lock)
uwsgi socket 0 bound to UNIX address clustalo.sock fd 3
Python version: 3.10.9 | packaged by conda-forge | (main, Feb  2 2023, 20:20:04) [GCC 11.3.0]
*** Python threads support is disabled. You can enable it with --enable-threads ***
Python main interpreter initialized at 0x563ccdfc4c50
your server socket listen backlog is limited to 100 connections
your mercy for graceful operations on workers is 60 seconds
mapped 145840 bytes (142 KB) for 1 cores
*** Operational MODE: single process ***
mounting project.wsgi:application on /u217733/clustalo
WSGI app 0 (mountpoint='/u217733/clustalo') ready in 0 seconds on interpreter 0x563ccdfc4c50 pid: 21422 (default app)
*** uWSGI is running in multiple interpreter mode ***
spawned uWSGI master process (pid: 21422)
spawned uWSGI worker 1 (pid: 21423, cores: 1)
SIGINT/SIGTERM received...killing workers...
worker 1 buried after 0 seconds
goodbye to uWSGI.
VACUUM: unix socket clustalo.sock removed.
SIGINT/SIGTERM received...killing workers...
worker 1 buried after 1 seconds
goodbye to uWSGI.
unlink(): No such file or directory [core/uwsgi.c line 1662]
*** Starting uWSGI 2.0.21 (64bit) on [Wed Mar  8 18:53:23 2023] ***
compiled with version: 11.3.0 on 08 February 2023 14:07:54
os: Linux-5.14.21-150400.24.33-default #1 SMP PREEMPT_DYNAMIC Fri Nov 4 13:55:06 UTC 2022 (76cfe60)
nodename: www
machine: x86_64
clock source: unix
pcre jit disabled
detected number of CPU cores: 4
current working directory: /home/u217733/public_html/clustal_web_DBW
detected binary path: /home/u217733/miniconda/envs/u217733_clustalo/bin/uwsgi
your processes number limit is 14803
your memory page size is 4096 bytes
detected max file descriptor number: 1024
lock engine: pthread robust mutexes
thunder lock: disabled (you can enable it with --thunder-lock)
uwsgi socket 0 bound to UNIX address clustalo.sock fd 3
Python version: 3.10.9 | packaged by conda-forge | (main, Feb  2 2023, 20:20:04) [GCC 11.3.0]
*** Python threads support is disabled. You can enable it with --enable-threads ***
Python main interpreter initialized at 0x565497281c90
your server socket listen backlog is limited to 100 connections
your mercy for graceful operations on workers is 60 seconds
mapped 145840 bytes (142 KB) for 1 cores
*** Operational MODE: single process ***
mounting project.wsgi:application on /u217733/clustalo
WSGI app 0 (mountpoint='/u217733/clustalo') ready in 0 seconds on interpreter 0x565497281c90 pid: 23109 (default app)
*** daemonizing uWSGI ***
*** Starting uWSGI 2.0.21 (64bit) on [Thu Mar  9 09:43:58 2023] ***
compiled with version: 11.3.0 on 08 February 2023 14:07:54
os: Linux-5.14.21-150400.24.41-default #1 SMP PREEMPT_DYNAMIC Fri Jan 13 08:55:22 UTC 2023 (1d4442d)
nodename: www
machine: x86_64
clock source: unix
pcre jit disabled
detected number of CPU cores: 4
current working directory: /home/u217733/public_html/clustal_web_DBW
detected binary path: /home/u217733/miniconda/envs/u217733_clustalo/bin/uwsgi
your processes number limit is 14796
your memory page size is 4096 bytes
detected max file descriptor number: 1024
lock engine: pthread robust mutexes
thunder lock: disabled (you can enable it with --thunder-lock)
uwsgi socket 0 bound to UNIX address clustalo.sock fd 3
Python version: 3.10.9 | packaged by conda-forge | (main, Feb  2 2023, 20:20:04) [GCC 11.3.0]
*** Python threads support is disabled. You can enable it with --enable-threads ***
Python main interpreter initialized at 0x55c828159c90
your server socket listen backlog is limited to 100 connections
your mercy for graceful operations on workers is 60 seconds
mapped 145840 bytes (142 KB) for 1 cores
*** Operational MODE: single process ***
mounting project.wsgi:application on /u217733/clustalo
WSGI app 0 (mountpoint='/u217733/clustalo') ready in 5 seconds on interpreter 0x55c828159c90 pid: 8403 (default app)
*** daemonizing uWSGI ***
*** Starting uWSGI 2.0.21 (64bit) on [Thu Mar  9 10:04:53 2023] ***
compiled with version: 11.3.0 on 08 February 2023 14:07:54
os: Linux-5.14.21-150400.24.41-default #1 SMP PREEMPT_DYNAMIC Fri Jan 13 08:55:22 UTC 2023 (1d4442d)
nodename: www
machine: x86_64
clock source: unix
pcre jit disabled
detected number of CPU cores: 4
current working directory: /home/u217733/public_html/clustal_web_DBW
detected binary path: /home/u217733/miniconda/envs/u217733_clustalo/bin/uwsgi
your processes number limit is 14796
your memory page size is 4096 bytes
detected max file descriptor number: 1024
lock engine: pthread robust mutexes
thunder lock: disabled (you can enable it with --thunder-lock)
uwsgi socket 0 bound to UNIX address clustalo.sock fd 3
Python version: 3.10.9 | packaged by conda-forge | (main, Feb  2 2023, 20:20:04) [GCC 11.3.0]
*** Python threads support is disabled. You can enable it with --enable-threads ***
Python main interpreter initialized at 0x560c76267cb0
your server socket listen backlog is limited to 100 connections
your mercy for graceful operations on workers is 60 seconds
mapped 145840 bytes (142 KB) for 1 cores
*** Operational MODE: single process ***
mounting project.wsgi:application on /u217733/clustalo
WSGI app 0 (mountpoint='/u217733/clustalo') ready in 0 seconds on interpreter 0x560c76267cb0 pid: 9074 (default app)
*** daemonizing uWSGI ***
*** Starting uWSGI 2.0.21 (64bit) on [Thu Mar  9 10:07:21 2023] ***
compiled with version: 11.3.0 on 08 February 2023 14:07:54
os: Linux-5.14.21-150400.24.41-default #1 SMP PREEMPT_DYNAMIC Fri Jan 13 08:55:22 UTC 2023 (1d4442d)
nodename: www
machine: x86_64
clock source: unix
pcre jit disabled
detected number of CPU cores: 4
current working directory: /home/u217733/public_html/clustal_web_DBW
detected binary path: /home/u217733/miniconda/envs/u217733_clustalo/bin/uwsgi
your processes number limit is 14796
your memory page size is 4096 bytes
detected max file descriptor number: 1024
lock engine: pthread robust mutexes
thunder lock: disabled (you can enable it with --thunder-lock)
uwsgi socket 0 bound to UNIX address clustalo.sock fd 3
Python version: 3.10.9 | packaged by conda-forge | (main, Feb  2 2023, 20:20:04) [GCC 11.3.0]
*** Python threads support is disabled. You can enable it with --enable-threads ***
Python main interpreter initialized at 0x563d5fb51cb0
your server socket listen backlog is limited to 100 connections
your mercy for graceful operations on workers is 60 seconds
mapped 145840 bytes (142 KB) for 1 cores
*** Operational MODE: single process ***
mounting project.wsgi:application on /u217733/clustalo
WSGI app 0 (mountpoint='/u217733/clustalo') ready in 0 seconds on interpreter 0x563d5fb51cb0 pid: 9158 (default app)
*** daemonizing uWSGI ***
*** Starting uWSGI 2.0.21 (64bit) on [Thu Mar  9 10:17:57 2023] ***
compiled with version: 11.3.0 on 08 February 2023 14:07:54
os: Linux-5.14.21-150400.24.41-default #1 SMP PREEMPT_DYNAMIC Fri Jan 13 08:55:22 UTC 2023 (1d4442d)
nodename: www
machine: x86_64
clock source: unix
pcre jit disabled
detected number of CPU cores: 4
current working directory: /home/u217733/public_html/clustal_web_DBW
detected binary path: /home/u217733/miniconda/envs/u217733_clustalo/bin/uwsgi
your processes number limit is 14796
your memory page size is 4096 bytes
detected max file descriptor number: 1024
lock engine: pthread robust mutexes
thunder lock: disabled (you can enable it with --thunder-lock)
uwsgi socket 0 bound to UNIX address clustalo.sock fd 3
Python version: 3.10.9 | packaged by conda-forge | (main, Feb  2 2023, 20:20:04) [GCC 11.3.0]
*** Python threads support is disabled. You can enable it with --enable-threads ***
Python main interpreter initialized at 0x55c62298ccb0
your server socket listen backlog is limited to 100 connections
your mercy for graceful operations on workers is 60 seconds
mapped 145840 bytes (142 KB) for 1 cores
*** Operational MODE: single process ***
mounting project.wsgi:application on /u217733/clustalo
WSGI app 0 (mountpoint='/u217733/clustalo') ready in 1 seconds on interpreter 0x55c62298ccb0 pid: 9445 (default app)
*** daemonizing uWSGI ***
*** Starting uWSGI 2.0.21 (64bit) on [Thu Mar  9 10:23:48 2023] ***
compiled with version: 11.3.0 on 08 February 2023 14:07:54
os: Linux-5.14.21-150400.24.41-default #1 SMP PREEMPT_DYNAMIC Fri Jan 13 08:55:22 UTC 2023 (1d4442d)
nodename: www
machine: x86_64
clock source: unix
pcre jit disabled
detected number of CPU cores: 4
current working directory: /home/u217733/public_html/clustal_web_DBW
detected binary path: /home/u217733/miniconda/envs/u217733_clustalo/bin/uwsgi
your processes number limit is 14796
your memory page size is 4096 bytes
detected max file descriptor number: 1024
lock engine: pthread robust mutexes
thunder lock: disabled (you can enable it with --thunder-lock)
uwsgi socket 0 bound to UNIX address clustalo.sock fd 3
Python version: 3.10.9 | packaged by conda-forge | (main, Feb  2 2023, 20:20:04) [GCC 11.3.0]
*** Python threads support is disabled. You can enable it with --enable-threads ***
Python main interpreter initialized at 0x559926cb6cb0
your server socket listen backlog is limited to 100 connections
your mercy for graceful operations on workers is 60 seconds
mapped 145840 bytes (142 KB) for 1 cores
*** Operational MODE: single process ***
mounting project.wsgi:application on /u217733/clustalo
WSGI app 0 (mountpoint='/u217733/clustalo') ready in 0 seconds on interpreter 0x559926cb6cb0 pid: 9612 (default app)
*** daemonizing uWSGI ***
*** Starting uWSGI 2.0.21 (64bit) on [Thu Mar  9 10:32:15 2023] ***
compiled with version: 11.3.0 on 08 February 2023 14:07:54
os: Linux-5.14.21-150400.24.41-default #1 SMP PREEMPT_DYNAMIC Fri Jan 13 08:55:22 UTC 2023 (1d4442d)
nodename: www
machine: x86_64
clock source: unix
pcre jit disabled
detected number of CPU cores: 4
current working directory: /home/u217733/public_html/clustal_web_DBW
detected binary path: /home/u217733/miniconda/envs/u217733_clustalo/bin/uwsgi
your processes number limit is 14796
your memory page size is 4096 bytes
detected max file descriptor number: 1024
lock engine: pthread robust mutexes
thunder lock: disabled (you can enable it with --thunder-lock)
uwsgi socket 0 bound to UNIX address clustalo.sock fd 3
Python version: 3.10.9 | packaged by conda-forge | (main, Feb  2 2023, 20:20:04) [GCC 11.3.0]
*** Python threads support is disabled. You can enable it with --enable-threads ***
Python main interpreter initialized at 0x556944474cb0
your server socket listen backlog is limited to 100 connections
your mercy for graceful operations on workers is 60 seconds
mapped 145840 bytes (142 KB) for 1 cores
*** Operational MODE: single process ***
mounting project.wsgi:application on /u217733/clustalo
WSGI app 0 (mountpoint='/u217733/clustalo') ready in 0 seconds on interpreter 0x556944474cb0 pid: 9866 (default app)
*** daemonizing uWSGI ***
*** Starting uWSGI 2.0.21 (64bit) on [Thu Mar  9 10:39:13 2023] ***
compiled with version: 11.3.0 on 08 February 2023 14:07:54
os: Linux-5.14.21-150400.24.41-default #1 SMP PREEMPT_DYNAMIC Fri Jan 13 08:55:22 UTC 2023 (1d4442d)
nodename: www
machine: x86_64
clock source: unix
pcre jit disabled
detected number of CPU cores: 4
current working directory: /home/u217733/public_html/clustal_web_DBW
detected binary path: /home/u217733/miniconda/envs/u217733_clustalo/bin/uwsgi
your processes number limit is 14796
your memory page size is 4096 bytes
detected max file descriptor number: 1024
lock engine: pthread robust mutexes
thunder lock: disabled (you can enable it with --thunder-lock)
uwsgi socket 0 bound to UNIX address clustalo.sock fd 3
Python version: 3.10.9 | packaged by conda-forge | (main, Feb  2 2023, 20:20:04) [GCC 11.3.0]
*** Python threads support is disabled. You can enable it with --enable-threads ***
Python main interpreter initialized at 0x561ff5213cb0
your server socket listen backlog is limited to 100 connections
your mercy for graceful operations on workers is 60 seconds
mapped 145840 bytes (142 KB) for 1 cores
*** Operational MODE: single process ***
mounting project.wsgi:application on /u217733/clustalo
WSGI app 0 (mountpoint='/u217733/clustalo') ready in 1 seconds on interpreter 0x561ff5213cb0 pid: 9919 (default app)
*** daemonizing uWSGI ***
*** Starting uWSGI 2.0.21 (64bit) on [Thu Mar  9 10:42:37 2023] ***
compiled with version: 11.3.0 on 08 February 2023 14:07:54
os: Linux-5.14.21-150400.24.41-default #1 SMP PREEMPT_DYNAMIC Fri Jan 13 08:55:22 UTC 2023 (1d4442d)
nodename: www
machine: x86_64
clock source: unix
pcre jit disabled
detected number of CPU cores: 4
current working directory: /home/u217733/public_html/clustal_web_DBW
detected binary path: /home/u217733/miniconda/envs/u217733_clustalo/bin/uwsgi
your processes number limit is 14796
your memory page size is 4096 bytes
detected max file descriptor number: 1024
lock engine: pthread robust mutexes
thunder lock: disabled (you can enable it with --thunder-lock)
uwsgi socket 0 bound to UNIX address clustalo.sock fd 3
Python version: 3.10.9 | packaged by conda-forge | (main, Feb  2 2023, 20:20:04) [GCC 11.3.0]
*** Python threads support is disabled. You can enable it with --enable-threads ***
Python main interpreter initialized at 0x55f9dfc45cb0
your server socket listen backlog is limited to 100 connections
your mercy for graceful operations on workers is 60 seconds
mapped 145840 bytes (142 KB) for 1 cores
*** Operational MODE: single process ***
mounting project.wsgi:application on /u217733/clustalo
WSGI app 0 (mountpoint='/u217733/clustalo') ready in 0 seconds on interpreter 0x55f9dfc45cb0 pid: 9999 (default app)
*** daemonizing uWSGI ***
